<?xml version="1.0" encoding="UTF-8"?>
<testng-results ignored="0" total="1" passed="1" failed="0" skipped="0">
  <reporter-output>
  </reporter-output>
  <suite started-at="2022-05-16T15:17:16 IST" name="Default suite" finished-at="2022-05-16T15:17:32 IST" duration-ms="15495">
    <groups>
    </groups>
    <test started-at="2022-05-16T15:17:16 IST" name="Default test" finished-at="2022-05-16T15:17:32 IST" duration-ms="15495">
      <class name="com.Alerts.ArthticantionPUP">
        <test-method signature="ArthticantionPUP_Hindle()[pri:0, instance:com.Alerts.ArthticantionPUP@a530d0a]" started-at="2022-05-16T15:17:16 IST" name="ArthticantionPUP_Hindle" finished-at="2022-05-16T15:17:32 IST" duration-ms="15344" status="PASS">
          <reporter-output>
          </reporter-output>
        </test-method> <!-- ArthticantionPUP_Hindle -->
      </class> <!-- com.Alerts.ArthticantionPUP -->
    </test> <!-- Default test -->
  </suite> <!-- Default suite -->
</testng-results>
