<?xml version="1.0" encoding="UTF-8"?>
<!-- Generated by org.testng.reporters.JUnitXMLReporter -->
<testsuite ignored="0" hostname="LAPTOP-8PO5ARJU" failures="1" tests="2" name="my orage HRM Login chrome" time="23.545" errors="0" timestamp="2022-05-14T22:06:48 IST">
  <testcase classname="com.MyTests.LoginTest" name="verifyLoginPageTitelTest" time="0.033"/>
  <testcase classname="com.MyTests.LoginTest" name="doLoginTest" time="0.05">
    <failure type="java.lang.NullPointerException" message="Cannot invoke &amp;quot;org.openqa.selenium.WebElement.sendKeys(java.lang.CharSequence[])&amp;quot; because the return value of &amp;quot;com.MyPages.LoginPage.getEmailId()&amp;quot; is null">
      <![CDATA[java.lang.NullPointerException: Cannot invoke "org.openqa.selenium.WebElement.sendKeys(java.lang.CharSequence[])" because the return value of "com.MyPages.LoginPage.getEmailId()" is null
at com.MyPages.LoginPage.doLogin(LoginPage.java:43)
at com.MyTests.LoginTest.doLoginTest(LoginTest.java:19)
at java.base/java.util.concurrent.ThreadPoolExecutor.runWorker(ThreadPoolExecutor.java:1136)
at java.base/java.util.concurrent.ThreadPoolExecutor$Worker.run(ThreadPoolExecutor.java:635)
at java.base/java.lang.Thread.run(Thread.java:833)
... Removed 12 stack frames]]>
    </failure>
  </testcase> <!-- doLoginTest -->
</testsuite> <!-- my orage HRM Login chrome -->
